#
# There is insufficient memory for the Java Runtime Environment to continue.
# Native memory allocation (mmap) failed to map 65536 bytes for Failed to commit metaspace.
# Possible reasons:
#   The system is out of physical RAM or swap space
#   The process is running with CompressedOops enabled, and the Java Heap may be blocking the growth of the native heap
# Possible solutions:
#   Reduce memory load on the system
#   Increase physical memory or swap space
#   Check if swap backing store is full
#   Decrease Java heap size (-Xmx/-Xms)
#   Decrease number of Java threads
#   Decrease Java thread stack sizes (-Xss)
#   Set larger code cache with -XX:ReservedCodeCacheSize=
#   JVM is running with Zero Based Compressed Oops mode in which the Java heap is
#     placed in the first 32GB address space. The Java Heap base address is the
#     maximum limit for the native heap growth. Please use -XX:HeapBaseMinAddress
#     to set the Java Heap base and to place the Java Heap above 32GB virtual address.
# This output file may be truncated or incomplete.
#
#  Out of Memory Error (virtualSpaceNode.cpp:112), pid=12436, tid=12680
#
# JRE version: OpenJDK Runtime Environment (21.0.2+13) (build 21.0.2+13-58)
# Java VM: OpenJDK 64-Bit Server VM (21.0.2+13-58, mixed mode, emulated-client, sharing, tiered, compressed oops, compressed class ptrs, g1 gc, windows-amd64)
# No core dump will be written. Minidumps are not enabled by default on client versions of Windows
#

---------------  S U M M A R Y ------------

Command Line: -XX:TieredStopAtLevel=1 -Dspring.output.ansi.enabled=always -Dcom.sun.management.jmxremote -Dspring.jmx.enabled=true -Dspring.liveBeansView.mbeanDomain -Dspring.application.admin.enabled=true -Dmanagement.endpoints.jmx.exposure.include=* -javaagent:C:\Program Files\JetBrains\IntelliJ IDEA 2023.3.4\lib\idea_rt.jar=54612:C:\Program Files\JetBrains\IntelliJ IDEA 2023.3.4\bin -Dfile.encoding=UTF-8 -Dsun.stdout.encoding=UTF-8 -Dsun.stderr.encoding=UTF-8 com.commerce.eureka_discovery.EurekaDiscoveryApplication

Host: 11th Gen Intel(R) Core(TM) i5-1135G7 @ 2.40GHz, 8 cores, 15G,  Windows 10 , 64 bit Build 19041 (10.0.19041.5072)
Time: Sat Nov 23 23:38:01 2024 Maroc (heure d64 bit Build 19041 (10.0.19041.5072) elapsed time: 1.573201 seconds (0d 0h 0m 1s)

---------------  T H R E A D  ---------------

Current thread (0x00000185dcff16a0):  JavaThread "main"             [_thread_in_vm, id=12680, stack(0x00000007c3e00000,0x00000007c3f00000) (1024K)]

Stack: [0x00000007c3e00000,0x00000007c3f00000]
Native frames: (J=compiled Java code, j=interpreted, Vv=VM code, C=native code)
V  [jvm.dll+0x6cade9]
V  [jvm.dll+0x8569c1]
V  [jvm.dll+0x858d2e]
V  [jvm.dll+0x859413]
V  [jvm.dll+0x280e56]
V  [jvm.dll+0x8526ee]
V  [jvm.dll+0x66e705]
V  [jvm.dll+0x1e68cc]
V  [jvm.dll+0x1e669e]
V  [jvm.dll+0x67104c]
V  [jvm.dll+0x670e62]
V  [jvm.dll+0x66f0de]
V  [jvm.dll+0x27dd76]
V  [jvm.dll+0x720355]
V  [jvm.dll+0x720e9f]
V  [jvm.dll+0x3c2e8f]
V  [jvm.dll+0x3c1f37]
V  [jvm.dll+0x3c1ed8]
V  [jvm.dll+0x5d4219]
V  [jvm.dll+0x5d311c]
V  [jvm.dll+0x3d7870]
V  [jvm.dll+0x3d6eed]
C  0x00000185e5458d95

The last pc belongs to invokestatic (printed below).
Java frames: (J=compiled Java code, j=interpreted, Vv=VM code)
j  org.springframework.core.type.StandardAnnotationMetadata.isAnnotatedMethod(Ljava/lang/reflect/Method;Ljava/lang/String;)Z+17
j  org.springframework.core.type.StandardAnnotationMetadata.lambda$getAnnotatedMethods$0(Ljava/lang/String;Ljava/util/Set;Ljava/lang/reflect/Method;)V+2
j  org.springframework.core.type.StandardAnnotationMetadata$$Lambda+0x00000185812731c0.doWith(Ljava/lang/reflect/Method;)V+13
j  org.springframework.util.ReflectionUtils.doWithLocalMethods(Ljava/lang/Class;Lorg/springframework/util/ReflectionUtils$MethodCallback;)V+31
j  org.springframework.core.type.StandardAnnotationMetadata.getAnnotatedMethods(Ljava/lang/String;)Ljava/util/Set;+32
j  org.springframework.context.annotation.ConfigurationClassParser.retrieveBeanMethodMetadata(Lorg/springframework/context/annotation/ConfigurationClassParser$SourceClass;)Ljava/util/Set;+12
j  org.springframework.context.annotation.ConfigurationClassParser.doProcessConfigurationClass(Lorg/springframework/context/annotation/ConfigurationClass;Lorg/springframework/context/annotation/ConfigurationClassParser$SourceClass;Ljava/util/function/Predicate;)Lorg/springframework/context/annotation/ConfigurationClassParser$SourceClass;+399
j  org.springframework.context.annotation.ConfigurationClassParser.processConfigurationClass(Lorg/springframework/context/annotation/ConfigurationClass;Ljava/util/function/Predicate;)V+106
j  org.springframework.context.annotation.ConfigurationClassParser.processImports(Lorg/springframework/context/annotation/ConfigurationClass;Lorg/springframework/context/annotation/ConfigurationClassParser$SourceClass;Ljava/util/Collection;Ljava/util/function/Predicate;Z)V+304
j  org.springframework.context.annotation.ConfigurationClassParser.doProcessConfigurationClass(Lorg/springframework/context/annotation/ConfigurationClass;Lorg/springframework/context/annotation/ConfigurationClassParser$SourceClass;Ljava/util/function/Predicate;)Lorg/springframework/context/annotation/ConfigurationClassParser$SourceClass;+304
j  org.springframework.context.annotation.ConfigurationClassParser.processConfigurationClass(Lorg/springframework/context/annotation/ConfigurationClass;Ljava/util/function/Predicate;)V+106
j  org.springframework.context.annotation.ConfigurationClassParser.parse(Lorg/springframework/core/type/AnnotationMetadata;Ljava/lang/String;)V+13
j  org.springframework.context.annotation.ConfigurationClassParser.parse(Ljava/util/Set;)V+59
j  org.springframework.context.annotation.ConfigurationClassPostProcessor.processConfigBeanDefinitions(Lorg/springframework/beans/factory/support/BeanDefinitionRegistry;)V+301
j  org.springframework.context.annotation.ConfigurationClassPostProcessor.postProcessBeanDefinitionRegistry(Lorg/springframework/beans/factory/support/BeanDefinitionRegistry;)V+81
j  org.springframework.context.support.PostProcessorRegistrationDelegate.invokeBeanDefinitionRegistryPostProcessors(Ljava/util/Collection;Lorg/springframework/beans/factory/support/BeanDefinitionRegistry;Lorg/springframework/core/metrics/ApplicationStartup;)V+59
j  org.springframework.context.support.PostProcessorRegistrationDelegate.invokeBeanFactoryPostProcessors(Lorg/springframework/beans/factory/config/ConfigurableListableBeanFactory;Ljava/util/List;)V+238
j  org.springframework.context.support.AbstractApplicationContext.invokeBeanFactoryPostProcessors(Lorg/springframework/beans/factory/config/ConfigurableListableBeanFactory;)V+5
j  org.springframework.context.support.AbstractApplicationContext.refresh()V+53
j  org.springframework.boot.web.servlet.context.ServletWebServerApplicationContext.refresh()V+1
j  org.springframework.boot.SpringApplication.refresh(Lorg/springframework/context/ConfigurableApplicationContext;)V+1
j  org.springframework.boot.SpringApplication.refreshContext(Lorg/springframework/context/ConfigurableApplicationContext;)V+16
j  org.springframework.boot.SpringApplication.run([Ljava/lang/String;)Lorg/springframework/context/ConfigurableApplicationContext;+114
j  org.springframework.boot.SpringApplication.run([Ljava/lang/Class;[Ljava/lang/String;)Lorg/springframework/context/ConfigurableApplicationContext;+9
j  org.springframework.boot.SpringApplication.run(Ljava/lang/Class;[Ljava/lang/String;)Lorg/springframework/context/ConfigurableApplicationContext;+9
j  com.commerce.eureka_discovery.EurekaDiscoveryApplication.main([Ljava/lang/String;)V+3
v  ~StubRoutines::call_stub 0x00000185e54410e7
invokestatic  184 invokestatic  [0x00000185e5458ce0, 0x00000185e5458e40]  352 bytes
[MachCode]
  0x00000185e5458ce0: 4883 ec08 | c5fa 1104 | 24eb 1f48 | 83ec 10c5 | fb11 0424 | eb14 4883 | ec10 4889 | 0424 48c7 
  0x00000185e5458d00: 4424 0800 | 0000 00eb | 0150 4c89 | 6dc0 410f | b755 0148 | 8b4d d0c1 | e202 8b5c | d138 c1eb 
  0x00000185e5458d20: 1081 e3ff | 0000 0081 | fbb8 0000 | 000f 84b4 | 0000 00bb | b800 0000 | e805 0000 | 00e9 9900 
  0x00000185e5458d40: 0000 488b | d348 8d44 | 2408 4c89 | 6dc0 498b | cfc5 f877 | 4989 afa8 | 0300 0049 | 8987 9803 
  0x00000185e5458d60: 0000 4883 | ec20 40f6 | c40f 0f84 | 1900 0000 | 4883 ec08 | 48b8 806e | df4f f97f | 0000 ffd0 
  0x00000185e5458d80: 4883 c408 | e90c 0000 | 0048 b880 | 6edf 4ff9 | 7f00 00ff | d048 83c4 | 2049 c787 | 9803 0000 
  0x00000185e5458da0: 0000 0000 | 49c7 87a8 | 0300 0000 | 0000 0049 | c787 a003 | 0000 0000 | 0000 c5f8 | 7749 837f 
  0x00000185e5458dc0: 0800 0f84 | 0500 0000 | e933 81fe | ff4c 8b6d | c04c 8b75 | c84e 8d74 | f500 c341 | 0fb7 5501 
  0x00000185e5458de0: 488b 4dd0 | c1e2 0248 | 8b5c d140 | 488b 5b08 | 488b 5b08 | 488b 5b18 | 80bb 2001 | 0000 050f 
  0x00000185e5458e00: 840d 0000 | 004c 3bbb | 3001 0000 | 0f85 21ff | ffff 488b | 5cd1 408b | 54d1 50c1 | ea1c 49ba 
  0x00000185e5458e20: 10c6 6650 | f97f 0000 | 498b 14d2 | 524c 8d6c | 2408 4c89 | 6df0 ff63 | 500f 1f80 | 0000 0000 
[/MachCode]

---------------  P R O C E S S  ---------------

Threads class SMR info:
_java_thread_list=0x00000185f58551b0, length=18, elements={
0x00000185dcff16a0, 0x00000185eff076b0, 0x00000185eff085d0, 0x00000185eff0b580,
0x00000185eff0d150, 0x00000185eff0dbb0, 0x00000185eff10620, 0x00000185eff1ccc0,
0x00000185f418c690, 0x00000185efed3510, 0x00000185f452dd30, 0x00000185f47a4200,
0x00000185f489d9a0, 0x00000185f48a0060, 0x00000185f4a6d280, 0x00000185f5442370,
0x00000185f57be160, 0x00000185f5831270
}

Java Threads: ( => current thread )
=>0x00000185dcff16a0 JavaThread "main"                              [_thread_in_vm, id=12680, stack(0x00000007c3e00000,0x00000007c3f00000) (1024K)]
  0x00000185eff076b0 JavaThread "Reference Handler"          daemon [_thread_blocked, id=12812, stack(0x00000007c4600000,0x00000007c4700000) (1024K)]
  0x00000185eff085d0 JavaThread "Finalizer"                  daemon [_thread_blocked, id=13092, stack(0x00000007c4700000,0x00000007c4800000) (1024K)]
  0x00000185eff0b580 JavaThread "Signal Dispatcher"          daemon [_thread_blocked, id=9736, stack(0x00000007c4800000,0x00000007c4900000) (1024K)]
  0x00000185eff0d150 JavaThread "Attach Listener"            daemon [_thread_blocked, id=1792, stack(0x00000007c4900000,0x00000007c4a00000) (1024K)]
  0x00000185eff0dbb0 JavaThread "Service Thread"             daemon [_thread_blocked, id=4192, stack(0x00000007c4a00000,0x00000007c4b00000) (1024K)]
  0x00000185eff10620 JavaThread "Monitor Deflation Thread"   daemon [_thread_blocked, id=13656, stack(0x00000007c4b00000,0x00000007c4c00000) (1024K)]
  0x00000185eff1ccc0 JavaThread "C1 CompilerThread0"         daemon [_thread_blocked, id=13248, stack(0x00000007c4c00000,0x00000007c4d00000) (1024K)]
  0x00000185f418c690 JavaThread "C1 CompilerThread1"         daemon [_thread_blocked, id=13460, stack(0x00000007c4d00000,0x00000007c4e00000) (1024K)]
  0x00000185efed3510 JavaThread "Common-Cleaner"             daemon [_thread_blocked, id=10308, stack(0x00000007c4e00000,0x00000007c4f00000) (1024K)]
  0x00000185f452dd30 JavaThread "Monitor Ctrl-Break"         daemon [_thread_in_native, id=1516, stack(0x00000007c4f00000,0x00000007c5000000) (1024K)]
  0x00000185f47a4200 JavaThread "Notification Thread"        daemon [_thread_blocked, id=220, stack(0x00000007c5000000,0x00000007c5100000) (1024K)]
  0x00000185f489d9a0 JavaThread "C1 CompilerThread2"         daemon [_thread_blocked, id=15148, stack(0x00000007c5100000,0x00000007c5200000) (1024K)]
  0x00000185f48a0060 JavaThread "C1 CompilerThread3"         daemon [_thread_blocked, id=12716, stack(0x00000007c5200000,0x00000007c5300000) (1024K)]
  0x00000185f4a6d280 JavaThread "RMI TCP Accept-0"           daemon [_thread_in_native, id=2996, stack(0x00000007c5300000,0x00000007c5400000) (1024K)]
  0x00000185f5442370 JavaThread "background-preinit"                [_thread_in_vm, id=7504, stack(0x00000007c5900000,0x00000007c5a00000) (1024K)]
  0x00000185f57be160 JavaThread "RMI TCP Connection(1)-192.168.224.21" daemon [_thread_in_native, id=2160, stack(0x00000007c5c00000,0x00000007c5d00000) (1024K)]
  0x00000185f5831270 JavaThread "RMI Scheduler(0)"           daemon [_thread_blocked, id=15700, stack(0x00000007c5d00000,0x00000007c5e00000) (1024K)]
Total: 18

Other Threads:
  0x00000185efee8fe0 VMThread "VM Thread"                           [id=6576, stack(0x00000007c4500000,0x00000007c4600000) (1024K)]
  0x00000185efed2620 WatcherThread "VM Periodic Task Thread"        [id=4608, stack(0x00000007c4400000,0x00000007c4500000) (1024K)]
  0x00000185dd058dc0 WorkerThread "GC Thread#0"                     [id=13604, stack(0x00000007c3f00000,0x00000007c4000000) (1024K)]
  0x00000185f4b20cc0 WorkerThread "GC Thread#1"                     [id=12612, stack(0x00000007c5400000,0x00000007c5500000) (1024K)]
  0x00000185f4b21060 WorkerThread "GC Thread#2"                     [id=3976, stack(0x00000007c5500000,0x00000007c5600000) (1024K)]
  0x00000185f4b21400 WorkerThread "GC Thread#3"                     [id=1300, stack(0x00000007c5600000,0x00000007c5700000) (1024K)]
  0x00000185f4b217a0 WorkerThread "GC Thread#4"                     [id=8056, stack(0x00000007c5700000,0x00000007c5800000) (1024K)]
  0x00000185f4b21b40 WorkerThread "GC Thread#5"                     [id=10140, stack(0x00000007c5800000,0x00000007c5900000) (1024K)]
  0x00000185f55095d0 WorkerThread "GC Thread#6"                     [id=7440, stack(0x00000007c5a00000,0x00000007c5b00000) (1024K)]
  0x00000185f5509d80 WorkerThread "GC Thread#7"                     [id=10488, stack(0x00000007c5b00000,0x00000007c5c00000) (1024K)]
  0x00000185dd06bac0 ConcurrentGCThread "G1 Main Marker"            [id=13316, stack(0x00000007c4000000,0x00000007c4100000) (1024K)]
  0x00000185dd06c4d0 WorkerThread "G1 Conc#0"                       [id=10628, stack(0x00000007c4100000,0x00000007c4200000) (1024K)]
  0x00000185efda7170 ConcurrentGCThread "G1 Refine#0"               [id=10036, stack(0x00000007c4200000,0x00000007c4300000) (1024K)]
  0x00000185efda7af0 ConcurrentGCThread "G1 Service"                [id=3836, stack(0x00000007c4300000,0x00000007c4400000) (1024K)]
Total: 14

Threads with active compile tasks:
Total: 0

VM state: not at safepoint (normal execution)

VM Mutex/Monitor currently owned by a thread:  ([mutex/lock_event])
[0x00007ff95065ace8] Metaspace_lock - owner thread: 0x00000185dcff16a0

Heap address: 0x00000004d7c00000, size: 4036 MB, Compressed Oops mode: Zero based, Oop shift amount: 3

CDS archive(s) mapped at: [0x0000018580000000-0x0000018580c90000-0x0000018580c90000), size 13172736, SharedBaseAddress: 0x0000018580000000, ArchiveRelocationMode: 1.
Compressed class space mapped at: 0x0000018581000000-0x00000185c1000000, reserved size: 1073741824
Narrow klass base: 0x0000018580000000, Narrow klass shift: 0, Narrow klass range: 0x100000000

GC Precious Log:
 CardTable entry size: 512
 Card Set container configuration: InlinePtr #cards 4 size 8 Array Of Cards #cards 16 size 48 Howl #buckets 8 coarsen threshold 3686 Howl Bitmap #cards 512 size 80 coarsen threshold 460 Card regions per heap region 1 cards per card region 4096
 CPUs: 8 total, 8 available
 Memory: 16140M
 Large Page Support: Disabled
 NUMA Support: Disabled
 Compressed Oops: Enabled (Zero based)
 Heap Region Size: 2M
 Heap Min Capacity: 8M
 Heap Initial Capacity: 254M
 Heap Max Capacity: 4036M
 Pre-touch: Disabled
 Parallel Workers: 8
 Concurrent Workers: 2
 Concurrent Refinement Workers: 8
 Periodic GC: Disabled

Heap:
 garbage-first heap   total 260096K, used 40502K [0x00000004d7c00000, 0x00000005d4000000)
  region size 2048K, 18 young (36864K), 2 survivors (4096K)
 Metaspace       used 18295K, committed 18624K, reserved 1114112K
  class space    used 2398K, committed 2560K, reserved 1048576K

Heap Regions: E=young(eden), S=young(survivor), O=old, HS=humongous(starts), HC=humongous(continues), CS=collection set, F=free, TAMS=top-at-mark-start, PB=parsable bottom
|   0|0x00000004d7c00000, 0x00000004d7e00000, 0x00000004d7e00000|100%| O|  |TAMS 0x00000004d7c00000| PB 0x00000004d7c00000| Untracked 
|   1|0x00000004d7e00000, 0x00000004d8000000, 0x00000004d8000000|100%| O|  |TAMS 0x00000004d7e00000| PB 0x00000004d7e00000| Untracked 
|   2|0x00000004d8000000, 0x00000004d8200000, 0x00000004d8200000|100%| O|  |TAMS 0x00000004d8000000| PB 0x00000004d8000000| Untracked 
|   3|0x00000004d8200000, 0x00000004d8325728, 0x00000004d8400000| 57%| O|  |TAMS 0x00000004d8200000| PB 0x00000004d8200000| Untracked 
|   4|0x00000004d8400000, 0x00000004d8400000, 0x00000004d8600000|  0%| F|  |TAMS 0x00000004d8400000| PB 0x00000004d8400000| Untracked 
|   5|0x00000004d8600000, 0x00000004d8600000, 0x00000004d8800000|  0%| F|  |TAMS 0x00000004d8600000| PB 0x00000004d8600000| Untracked 
|   6|0x00000004d8800000, 0x00000004d8800000, 0x00000004d8a00000|  0%| F|  |TAMS 0x00000004d8800000| PB 0x00000004d8800000| Untracked 
|   7|0x00000004d8a00000, 0x00000004d8a00000, 0x00000004d8c00000|  0%| F|  |TAMS 0x00000004d8a00000| PB 0x00000004d8a00000| Untracked 
|   8|0x00000004d8c00000, 0x00000004d8c00000, 0x00000004d8e00000|  0%| F|  |TAMS 0x00000004d8c00000| PB 0x00000004d8c00000| Untracked 
|   9|0x00000004d8e00000, 0x00000004d8e00000, 0x00000004d9000000|  0%| F|  |TAMS 0x00000004d8e00000| PB 0x00000004d8e00000| Untracked 
|  10|0x00000004d9000000, 0x00000004d9000000, 0x00000004d9200000|  0%| F|  |TAMS 0x00000004d9000000| PB 0x00000004d9000000| Untracked 
|  11|0x00000004d9200000, 0x00000004d9200000, 0x00000004d9400000|  0%| F|  |TAMS 0x00000004d9200000| PB 0x00000004d9200000| Untracked 
|  12|0x00000004d9400000, 0x00000004d9400000, 0x00000004d9600000|  0%| F|  |TAMS 0x00000004d9400000| PB 0x00000004d9400000| Untracked 
|  13|0x00000004d9600000, 0x00000004d9600000, 0x00000004d9800000|  0%| F|  |TAMS 0x00000004d9600000| PB 0x00000004d9600000| Untracked 
|  14|0x00000004d9800000, 0x00000004d9800000, 0x00000004d9a00000|  0%| F|  |TAMS 0x00000004d9800000| PB 0x00000004d9800000| Untracked 
|  15|0x00000004d9a00000, 0x00000004d9a00000, 0x00000004d9c00000|  0%| F|  |TAMS 0x00000004d9a00000| PB 0x00000004d9a00000| Untracked 
|  16|0x00000004d9c00000, 0x00000004d9c00000, 0x00000004d9e00000|  0%| F|  |TAMS 0x00000004d9c00000| PB 0x00000004d9c00000| Untracked 
|  17|0x00000004d9e00000, 0x00000004d9e00000, 0x00000004da000000|  0%| F|  |TAMS 0x00000004d9e00000| PB 0x00000004d9e00000| Untracked 
|  18|0x00000004da000000, 0x00000004da000000, 0x00000004da200000|  0%| F|  |TAMS 0x00000004da000000| PB 0x00000004da000000| Untracked 
|  19|0x00000004da200000, 0x00000004da200000, 0x00000004da400000|  0%| F|  |TAMS 0x00000004da200000| PB 0x00000004da200000| Untracked 
|  20|0x00000004da400000, 0x00000004da400000, 0x00000004da600000|  0%| F|  |TAMS 0x00000004da400000| PB 0x00000004da400000| Untracked 
|  21|0x00000004da600000, 0x00000004da600000, 0x00000004da800000|  0%| F|  |TAMS 0x00000004da600000| PB 0x00000004da600000| Untracked 
|  22|0x00000004da800000, 0x00000004da800000, 0x00000004daa00000|  0%| F|  |TAMS 0x00000004da800000| PB 0x00000004da800000| Untracked 
|  23|0x00000004daa00000, 0x00000004daa00000, 0x00000004dac00000|  0%| F|  |TAMS 0x00000004daa00000| PB 0x00000004daa00000| Untracked 
|  24|0x00000004dac00000, 0x00000004dac00000, 0x00000004dae00000|  0%| F|  |TAMS 0x00000004dac00000| PB 0x00000004dac00000| Untracked 
|  25|0x00000004dae00000, 0x00000004dae00000, 0x00000004db000000|  0%| F|  |TAMS 0x00000004dae00000| PB 0x00000004dae00000| Untracked 
|  26|0x00000004db000000, 0x00000004db000000, 0x00000004db200000|  0%| F|  |TAMS 0x00000004db000000| PB 0x00000004db000000| Untracked 
|  27|0x00000004db200000, 0x00000004db200000, 0x00000004db400000|  0%| F|  |TAMS 0x00000004db200000| PB 0x00000004db200000| Untracked 
|  28|0x00000004db400000, 0x00000004db400000, 0x00000004db600000|  0%| F|  |TAMS 0x00000004db400000| PB 0x00000004db400000| Untracked 
|  29|0x00000004db600000, 0x00000004db600000, 0x00000004db800000|  0%| F|  |TAMS 0x00000004db600000| PB 0x00000004db600000| Untracked 
|  30|0x00000004db800000, 0x00000004db800000, 0x00000004dba00000|  0%| F|  |TAMS 0x00000004db800000| PB 0x00000004db800000| Untracked 
|  31|0x00000004dba00000, 0x00000004dba00000, 0x00000004dbc00000|  0%| F|  |TAMS 0x00000004dba00000| PB 0x00000004dba00000| Untracked 
|  32|0x00000004dbc00000, 0x00000004dbc00000, 0x00000004dbe00000|  0%| F|  |TAMS 0x00000004dbc00000| PB 0x00000004dbc00000| Untracked 
|  33|0x00000004dbe00000, 0x00000004dbe00000, 0x00000004dc000000|  0%| F|  |TAMS 0x00000004dbe00000| PB 0x00000004dbe00000| Untracked 
|  34|0x00000004dc000000, 0x00000004dc000000, 0x00000004dc200000|  0%| F|  |TAMS 0x00000004dc000000| PB 0x00000004dc000000| Untracked 
|  35|0x00000004dc200000, 0x00000004dc200000, 0x00000004dc400000|  0%| F|  |TAMS 0x00000004dc200000| PB 0x00000004dc200000| Untracked 
|  36|0x00000004dc400000, 0x00000004dc400000, 0x00000004dc600000|  0%| F|  |TAMS 0x00000004dc400000| PB 0x00000004dc400000| Untracked 
|  37|0x00000004dc600000, 0x00000004dc600000, 0x00000004dc800000|  0%| F|  |TAMS 0x00000004dc600000| PB 0x00000004dc600000| Untracked 
|  38|0x00000004dc800000, 0x00000004dc800000, 0x00000004dca00000|  0%| F|  |TAMS 0x00000004dc800000| PB 0x00000004dc800000| Untracked 
|  39|0x00000004dca00000, 0x00000004dca00000, 0x00000004dcc00000|  0%| F|  |TAMS 0x00000004dca00000| PB 0x00000004dca00000| Untracked 
|  40|0x00000004dcc00000, 0x00000004dcc00000, 0x00000004dce00000|  0%| F|  |TAMS 0x00000004dcc00000| PB 0x00000004dcc00000| Untracked 
|  41|0x00000004dce00000, 0x00000004dce00000, 0x00000004dd000000|  0%| F|  |TAMS 0x00000004dce00000| PB 0x00000004dce00000| Untracked 
|  42|0x00000004dd000000, 0x00000004dd000000, 0x00000004dd200000|  0%| F|  |TAMS 0x00000004dd000000| PB 0x00000004dd000000| Untracked 
|  43|0x00000004dd200000, 0x00000004dd200000, 0x00000004dd400000|  0%| F|  |TAMS 0x00000004dd200000| PB 0x00000004dd200000| Untracked 
|  44|0x00000004dd400000, 0x00000004dd400000, 0x00000004dd600000|  0%| F|  |TAMS 0x00000004dd400000| PB 0x00000004dd400000| Untracked 
|  45|0x00000004dd600000, 0x00000004dd600000, 0x00000004dd800000|  0%| F|  |TAMS 0x00000004dd600000| PB 0x00000004dd600000| Untracked 
|  46|0x00000004dd800000, 0x00000004dd800000, 0x00000004dda00000|  0%| F|  |TAMS 0x00000004dd800000| PB 0x00000004dd800000| Untracked 
|  47|0x00000004dda00000, 0x00000004dda00000, 0x00000004ddc00000|  0%| F|  |TAMS 0x00000004dda00000| PB 0x00000004dda00000| Untracked 
|  48|0x00000004ddc00000, 0x00000004ddc00000, 0x00000004dde00000|  0%| F|  |TAMS 0x00000004ddc00000| PB 0x00000004ddc00000| Untracked 
|  49|0x00000004dde00000, 0x00000004dde00000, 0x00000004de000000|  0%| F|  |TAMS 0x00000004dde00000| PB 0x00000004dde00000| Untracked 
|  50|0x00000004de000000, 0x00000004de000000, 0x00000004de200000|  0%| F|  |TAMS 0x00000004de000000| PB 0x00000004de000000| Untracked 
|  51|0x00000004de200000, 0x00000004de200000, 0x00000004de400000|  0%| F|  |TAMS 0x00000004de200000| PB 0x00000004de200000| Untracked 
|  52|0x00000004de400000, 0x00000004de400000, 0x00000004de600000|  0%| F|  |TAMS 0x00000004de400000| PB 0x00000004de400000| Untracked 
|  53|0x00000004de600000, 0x00000004de600000, 0x00000004de800000|  0%| F|  |TAMS 0x00000004de600000| PB 0x00000004de600000| Untracked 
|  54|0x00000004de800000, 0x00000004de800000, 0x00000004dea00000|  0%| F|  |TAMS 0x00000004de800000| PB 0x00000004de800000| Untracked 
|  55|0x00000004dea00000, 0x00000004dea00000, 0x00000004dec00000|  0%| F|  |TAMS 0x00000004dea00000| PB 0x00000004dea00000| Untracked 
|  56|0x00000004dec00000, 0x00000004dec00000, 0x00000004dee00000|  0%| F|  |TAMS 0x00000004dec00000| PB 0x00000004dec00000| Untracked 
|  57|0x00000004dee00000, 0x00000004dee00000, 0x00000004df000000|  0%| F|  |TAMS 0x00000004dee00000| PB 0x00000004dee00000| Untracked 
|  58|0x00000004df000000, 0x00000004df000000, 0x00000004df200000|  0%| F|  |TAMS 0x00000004df000000| PB 0x00000004df000000| Untracked 
|  59|0x00000004df200000, 0x00000004df200000, 0x00000004df400000|  0%| F|  |TAMS 0x00000004df200000| PB 0x00000004df200000| Untracked 
|  60|0x00000004df400000, 0x00000004df400000, 0x00000004df600000|  0%| F|  |TAMS 0x00000004df400000| PB 0x00000004df400000| Untracked 
|  61|0x00000004df600000, 0x00000004df600000, 0x00000004df800000|  0%| F|  |TAMS 0x00000004df600000| PB 0x00000004df600000| Untracked 
|  62|0x00000004df800000, 0x00000004df800000, 0x00000004dfa00000|  0%| F|  |TAMS 0x00000004df800000| PB 0x00000004df800000| Untracked 
|  63|0x00000004dfa00000, 0x00000004dfa00000, 0x00000004dfc00000|  0%| F|  |TAMS 0x00000004dfa00000| PB 0x00000004dfa00000| Untracked 
|  64|0x00000004dfc00000, 0x00000004dfc00000, 0x00000004dfe00000|  0%| F|  |TAMS 0x00000004dfc00000| PB 0x00000004dfc00000| Untracked 
|  65|0x00000004dfe00000, 0x00000004dfe00000, 0x00000004e0000000|  0%| F|  |TAMS 0x00000004dfe00000| PB 0x00000004dfe00000| Untracked 
|  66|0x00000004e0000000, 0x00000004e0000000, 0x00000004e0200000|  0%| F|  |TAMS 0x00000004e0000000| PB 0x00000004e0000000| Untracked 
|  67|0x00000004e0200000, 0x00000004e0200000, 0x00000004e0400000|  0%| F|  |TAMS 0x00000004e0200000| PB 0x00000004e0200000| Untracked 
|  68|0x00000004e0400000, 0x00000004e0400000, 0x00000004e0600000|  0%| F|  |TAMS 0x00000004e0400000| PB 0x00000004e0400000| Untracked 
|  69|0x00000004e0600000, 0x00000004e0600000, 0x00000004e0800000|  0%| F|  |TAMS 0x00000004e0600000| PB 0x00000004e0600000| Untracked 
|  70|0x00000004e0800000, 0x00000004e0800000, 0x00000004e0a00000|  0%| F|  |TAMS 0x00000004e0800000| PB 0x00000004e0800000| Untracked 
|  71|0x00000004e0a00000, 0x00000004e0a00000, 0x00000004e0c00000|  0%| F|  |TAMS 0x00000004e0a00000| PB 0x00000004e0a00000| Untracked 
|  72|0x00000004e0c00000, 0x00000004e0c00000, 0x00000004e0e00000|  0%| F|  |TAMS 0x00000004e0c00000| PB 0x00000004e0c00000| Untracked 
|  73|0x00000004e0e00000, 0x00000004e0e00000, 0x00000004e1000000|  0%| F|  |TAMS 0x00000004e0e00000| PB 0x00000004e0e00000| Untracked 
|  74|0x00000004e1000000, 0x00000004e1000000, 0x00000004e1200000|  0%| F|  |TAMS 0x00000004e1000000| PB 0x00000004e1000000| Untracked 
|  75|0x00000004e1200000, 0x00000004e1200000, 0x00000004e1400000|  0%| F|  |TAMS 0x00000004e1200000| PB 0x00000004e1200000| Untracked 
|  76|0x00000004e1400000, 0x00000004e1400000, 0x00000004e1600000|  0%| F|  |TAMS 0x00000004e1400000| PB 0x00000004e1400000| Untracked 
|  77|0x00000004e1600000, 0x00000004e1600000, 0x00000004e1800000|  0%| F|  |TAMS 0x00000004e1600000| PB 0x00000004e1600000| Untracked 
|  78|0x00000004e1800000, 0x00000004e1800000, 0x00000004e1a00000|  0%| F|  |TAMS 0x00000004e1800000| PB 0x00000004e1800000| Untracked 
|  79|0x00000004e1a00000, 0x00000004e1a00000, 0x00000004e1c00000|  0%| F|  |TAMS 0x00000004e1a00000| PB 0x00000004e1a00000| Untracked 
|  80|0x00000004e1c00000, 0x00000004e1c00000, 0x00000004e1e00000|  0%| F|  |TAMS 0x00000004e1c00000| PB 0x00000004e1c00000| Untracked 
|  81|0x00000004e1e00000, 0x00000004e1e00000, 0x00000004e2000000|  0%| F|  |TAMS 0x00000004e1e00000| PB 0x00000004e1e00000| Untracked 
|  82|0x00000004e2000000, 0x00000004e2000000, 0x00000004e2200000|  0%| F|  |TAMS 0x00000004e2000000| PB 0x00000004e2000000| Untracked 
|  83|0x00000004e2200000, 0x00000004e2200000, 0x00000004e2400000|  0%| F|  |TAMS 0x00000004e2200000| PB 0x00000004e2200000| Untracked 
|  84|0x00000004e2400000, 0x00000004e2400000, 0x00000004e2600000|  0%| F|  |TAMS 0x00000004e2400000| PB 0x00000004e2400000| Untracked 
|  85|0x00000004e2600000, 0x00000004e2600000, 0x00000004e2800000|  0%| F|  |TAMS 0x00000004e2600000| PB 0x00000004e2600000| Untracked 
|  86|0x00000004e2800000, 0x00000004e2800000, 0x00000004e2a00000|  0%| F|  |TAMS 0x00000004e2800000| PB 0x00000004e2800000| Untracked 
|  87|0x00000004e2a00000, 0x00000004e2a00000, 0x00000004e2c00000|  0%| F|  |TAMS 0x00000004e2a00000| PB 0x00000004e2a00000| Untracked 
|  88|0x00000004e2c00000, 0x00000004e2c00000, 0x00000004e2e00000|  0%| F|  |TAMS 0x00000004e2c00000| PB 0x00000004e2c00000| Untracked 
|  89|0x00000004e2e00000, 0x00000004e2e00000, 0x00000004e3000000|  0%| F|  |TAMS 0x00000004e2e00000| PB 0x00000004e2e00000| Untracked 
|  90|0x00000004e3000000, 0x00000004e3000000, 0x00000004e3200000|  0%| F|  |TAMS 0x00000004e3000000| PB 0x00000004e3000000| Untracked 
|  91|0x00000004e3200000, 0x00000004e3200000, 0x00000004e3400000|  0%| F|  |TAMS 0x00000004e3200000| PB 0x00000004e3200000| Untracked 
|  92|0x00000004e3400000, 0x00000004e3400000, 0x00000004e3600000|  0%| F|  |TAMS 0x00000004e3400000| PB 0x00000004e3400000| Untracked 
|  93|0x00000004e3600000, 0x00000004e3600000, 0x00000004e3800000|  0%| F|  |TAMS 0x00000004e3600000| PB 0x00000004e3600000| Untracked 
|  94|0x00000004e3800000, 0x00000004e3800000, 0x00000004e3a00000|  0%| F|  |TAMS 0x00000004e3800000| PB 0x00000004e3800000| Untracked 
|  95|0x00000004e3a00000, 0x00000004e3a00000, 0x00000004e3c00000|  0%| F|  |TAMS 0x00000004e3a00000| PB 0x00000004e3a00000| Untracked 
|  96|0x00000004e3c00000, 0x00000004e3c00000, 0x00000004e3e00000|  0%| F|  |TAMS 0x00000004e3c00000| PB 0x00000004e3c00000| Untracked 
|  97|0x00000004e3e00000, 0x00000004e3e00000, 0x00000004e4000000|  0%| F|  |TAMS 0x00000004e3e00000| PB 0x00000004e3e00000| Untracked 
|  98|0x00000004e4000000, 0x00000004e4000000, 0x00000004e4200000|  0%| F|  |TAMS 0x00000004e4000000| PB 0x00000004e4000000| Untracked 
|  99|0x00000004e4200000, 0x00000004e4200000, 0x00000004e4400000|  0%| F|  |TAMS 0x00000004e4200000| PB 0x00000004e4200000| Untracked 
| 100|0x00000004e4400000, 0x00000004e4400000, 0x00000004e4600000|  0%| F|  |TAMS 0x00000004e4400000| PB 0x00000004e4400000| Untracked 
| 101|0x00000004e4600000, 0x00000004e4600000, 0x00000004e4800000|  0%| F|  |TAMS 0x00000004e4600000| PB 0x00000004e4600000| Untracked 
| 102|0x00000004e4800000, 0x00000004e4800000, 0x00000004e4a00000|  0%| F|  |TAMS 0x00000004e4800000| PB 0x00000004e4800000| Untracked 
| 103|0x00000004e4a00000, 0x00000004e4a00000, 0x00000004e4c00000|  0%| F|  |TAMS 0x00000004e4a00000| PB 0x00000004e4a00000| Untracked 
| 104|0x00000004e4c00000, 0x00000004e4c00000, 0x00000004e4e00000|  0%| F|  |TAMS 0x00000004e4c00000| PB 0x00000004e4c00000| Untracked 
| 105|0x00000004e4e00000, 0x00000004e4e00000, 0x00000004e5000000|  0%| F|  |TAMS 0x00000004e4e00000| PB 0x00000004e4e00000| Untracked 
| 106|0x00000004e5000000, 0x00000004e5000000, 0x00000004e5200000|  0%| F|  |TAMS 0x00000004e5000000| PB 0x00000004e5000000| Untracked 
| 107|0x00000004e5200000, 0x00000004e5200000, 0x00000004e5400000|  0%| F|  |TAMS 0x00000004e5200000| PB 0x00000004e5200000| Untracked 
| 108|0x00000004e5400000, 0x00000004e5400000, 0x00000004e5600000|  0%| F|  |TAMS 0x00000004e5400000| PB 0x00000004e5400000| Untracked 
| 109|0x00000004e5600000, 0x00000004e56ffca8, 0x00000004e5800000| 49%| E|  |TAMS 0x00000004e5600000| PB 0x00000004e5600000| Complete 
| 110|0x00000004e5800000, 0x00000004e58682f8, 0x00000004e5a00000| 20%| S|CS|TAMS 0x00000004e5800000| PB 0x00000004e5800000| Complete 
| 111|0x00000004e5a00000, 0x00000004e5c00000, 0x00000004e5c00000|100%| S|CS|TAMS 0x00000004e5a00000| PB 0x00000004e5a00000| Complete 
| 112|0x00000004e5c00000, 0x00000004e5e00000, 0x00000004e5e00000|100%| E|CS|TAMS 0x00000004e5c00000| PB 0x00000004e5c00000| Complete 
| 113|0x00000004e5e00000, 0x00000004e6000000, 0x00000004e6000000|100%| E|CS|TAMS 0x00000004e5e00000| PB 0x00000004e5e00000| Complete 
| 114|0x00000004e6000000, 0x00000004e6200000, 0x00000004e6200000|100%| E|CS|TAMS 0x00000004e6000000| PB 0x00000004e6000000| Complete 
| 115|0x00000004e6200000, 0x00000004e6400000, 0x00000004e6400000|100%| E|CS|TAMS 0x00000004e6200000| PB 0x00000004e6200000| Complete 
| 116|0x00000004e6400000, 0x00000004e6600000, 0x00000004e6600000|100%| E|CS|TAMS 0x00000004e6400000| PB 0x00000004e6400000| Complete 
| 117|0x00000004e6600000, 0x00000004e6800000, 0x00000004e6800000|100%| E|CS|TAMS 0x00000004e6600000| PB 0x00000004e6600000| Complete 
| 118|0x00000004e6800000, 0x00000004e6a00000, 0x00000004e6a00000|100%| E|CS|TAMS 0x00000004e6800000| PB 0x00000004e6800000| Complete 
| 119|0x00000004e6a00000, 0x00000004e6c00000, 0x00000004e6c00000|100%| E|CS|TAMS 0x00000004e6a00000| PB 0x00000004e6a00000| Complete 
| 120|0x00000004e6c00000, 0x00000004e6e00000, 0x00000004e6e00000|100%| E|CS|TAMS 0x00000004e6c00000| PB 0x00000004e6c00000| Complete 
| 121|0x00000004e6e00000, 0x00000004e7000000, 0x00000004e7000000|100%| E|CS|TAMS 0x00000004e6e00000| PB 0x00000004e6e00000| Complete 
| 122|0x00000004e7000000, 0x00000004e7200000, 0x00000004e7200000|100%| E|CS|TAMS 0x00000004e7000000| PB 0x00000004e7000000| Complete 
| 123|0x00000004e7200000, 0x00000004e7400000, 0x00000004e7400000|100%| E|CS|TAMS 0x00000004e7200000| PB 0x00000004e7200000| Complete 
| 124|0x00000004e7400000, 0x00000004e7600000, 0x00000004e7600000|100%| E|CS|TAMS 0x00000004e7400000| PB 0x00000004e7400000| Complete 
| 125|0x00000004e7600000, 0x00000004e7800000, 0x00000004e7800000|100%| E|CS|TAMS 0x00000004e7600000| PB 0x00000004e7600000| Complete 
| 126|0x00000004e7800000, 0x00000004e7a00000, 0x00000004e7a00000|100%| E|CS|TAMS 0x00000004e7800000| PB 0x00000004e7800000| Complete 

Card table byte_map: [0x00000185e8d40000,0x00000185e9530000] _byte_map_base: 0x00000185e6682000

Marking Bits: (CMBitMap*) 0x00000185dd0593d0
 Bits: [0x00000185e9530000, 0x00000185ed440000)

Polling page: 0x00000185dc7b0000

Metaspace:

Usage:
  Non-class:     15.52 MB used.
      Class:      2.34 MB used.
       Both:     17.87 MB used.

Virtual space:
  Non-class space:       64.00 MB reserved,      15.69 MB ( 25%) committed,  1 nodes.
      Class space:        1.00 GB reserved,       2.50 MB ( <1%) committed,  1 nodes.
             Both:        1.06 GB reserved,      18.19 MB (  2%) committed. 

Chunk freelists:
   Non-Class:  15.67 MB
       Class:  13.54 MB
        Both:  29.21 MB

MaxMetaspaceSize: unlimited
CompressedClassSpaceSize: 1.00 GB
Initial GC threshold: 21.00 MB
Current GC threshold: 21.00 MB
CDS: on
 - commit_granule_bytes: 65536.
 - commit_granule_words: 8192.
 - virtual_space_node_default_size: 8388608.
 - enlarge_chunks_in_place: 1.
 - use_allocation_guard: 0.


Internal statistics:

num_allocs_failed_limit: 0.
num_arena_births: 424.
num_arena_deaths: 0.
num_vsnodes_births: 2.
num_vsnodes_deaths: 0.
num_space_committed: 291.
num_space_uncommitted: 0.
num_chunks_returned_to_freelist: 0.
num_chunks_taken_from_freelist: 1009.
num_chunk_merges: 0.
num_chunk_splits: 655.
num_chunks_enlarged: 432.
num_inconsistent_stats: 0.

CodeCache: size=49152Kb used=6926Kb max_used=6926Kb free=42225Kb
 bounds [0x00000185e5440000, 0x00000185e5b10000, 0x00000185e8440000]
 total_blobs=3041 nmethods=2527 adapters=435
 compilation: enabled
              stopped_count=0, restarted_count=0
 full_count=0

Compilation events (20 events):
Event: 1.559 Thread 0x00000185f48a0060 2517 %     1       java.util.Properties::load0 @ 29 (249 bytes)
Event: 1.559 Thread 0x00000185eff1ccc0 nmethod 2516 0x00000185e5afed90 code [0x00000185e5afef40, 0x00000185e5aff0e8]
Event: 1.559 Thread 0x00000185f418c690 nmethod 2515 0x00000185e5aff210 code [0x00000185e5aff3c0, 0x00000185e5aff588]
Event: 1.560 Thread 0x00000185f48a0060 nmethod 2517% 0x00000185e5aff690 code [0x00000185e5aff880, 0x00000185e5affdf0]
Event: 1.560 Thread 0x00000185eff1ccc0 2518       1       java.lang.invoke.MemberName::equals (69 bytes)
Event: 1.560 Thread 0x00000185eff1ccc0 nmethod 2518 0x00000185e5b00410 code [0x00000185e5b00600, 0x00000185e5b00968]
Event: 1.560 Thread 0x00000185eff1ccc0 2520       1       java.util.concurrent.TimeUnit::toMillis (69 bytes)
Event: 1.561 Thread 0x00000185eff1ccc0 nmethod 2520 0x00000185e5b00b10 code [0x00000185e5b00cc0, 0x00000185e5b00ec0]
Event: 1.561 Thread 0x00000185eff1ccc0 2521       1       java.lang.invoke.SimpleMethodHandle::make (10 bytes)
Event: 1.561 Thread 0x00000185f489d9a0 2522       1       java.util.Properties::load0 (249 bytes)
Event: 1.561 Thread 0x00000185f48a0060 2523       1       java.lang.invoke.SimpleMethodHandle::<init> (7 bytes)
Event: 1.561 Thread 0x00000185eff1ccc0 nmethod 2521 0x00000185e5b00f90 code [0x00000185e5b01140, 0x00000185e5b01278]
Event: 1.561 Thread 0x00000185f48a0060 nmethod 2523 0x00000185e5b01310 code [0x00000185e5b014c0, 0x00000185e5b015b8]
Event: 1.561 Thread 0x00000185f489d9a0 nmethod 2522 0x00000185e5b01690 code [0x00000185e5b01880, 0x00000185e5b01c70]
Event: 1.562 Thread 0x00000185eff1ccc0 2525       1       java.lang.invoke.MethodHandleImpl$IntrinsicMethodHandle::<init> (25 bytes)
Event: 1.562 Thread 0x00000185eff1ccc0 nmethod 2525 0x00000185e5b02210 code [0x00000185e5b023e0, 0x00000185e5b02708]
Event: 1.569 Thread 0x00000185eff1ccc0 2527       1       java.nio.Buffer::<init> (105 bytes)
Event: 1.569 Thread 0x00000185f418c690 2528       1       java.lang.Throwable::<init> (34 bytes)
Event: 1.569 Thread 0x00000185f418c690 nmethod 2528 0x00000185e5b02b10 code [0x00000185e5b02cc0, 0x00000185e5b02f78]
Event: 1.570 Thread 0x00000185eff1ccc0 nmethod 2527 0x00000185e5b03010 code [0x00000185e5b03260, 0x00000185e5b03720]

GC Heap History (4 events):
Event: 0.655 GC heap before
{Heap before GC invocations=0 (full 0):
 garbage-first heap   total 260096K, used 20480K [0x00000004d7c00000, 0x00000005d4000000)
  region size 2048K, 11 young (22528K), 0 survivors (0K)
 Metaspace       used 5907K, committed 6144K, reserved 1114112K
  class space    used 683K, committed 768K, reserved 1048576K
}
Event: 0.660 GC heap after
{Heap after GC invocations=1 (full 0):
 garbage-first heap   total 260096K, used 7086K [0x00000004d7c00000, 0x00000005d4000000)
  region size 2048K, 2 young (4096K), 2 survivors (4096K)
 Metaspace       used 5907K, committed 6144K, reserved 1114112K
  class space    used 683K, committed 768K, reserved 1048576K
}
Event: 1.242 GC heap before
{Heap before GC invocations=1 (full 0):
 garbage-first heap   total 260096K, used 31662K [0x00000004d7c00000, 0x00000005d4000000)
  region size 2048K, 15 young (30720K), 2 survivors (4096K)
 Metaspace       used 11291K, committed 11584K, reserved 1114112K
  class space    used 1527K, committed 1664K, reserved 1048576K
}
Event: 1.246 GC heap after
{Heap after GC invocations=2 (full 0):
 garbage-first heap   total 260096K, used 9782K [0x00000004d7c00000, 0x00000005d4000000)
  region size 2048K, 2 young (4096K), 2 survivors (4096K)
 Metaspace       used 11291K, committed 11584K, reserved 1114112K
  class space    used 1527K, committed 1664K, reserved 1048576K
}

Dll operation events (11 events):
Event: 0.008 Loaded shared library C:\Users\hp\.jdks\openjdk-21.0.2\bin\java.dll
Event: 0.170 Loaded shared library C:\Users\hp\.jdks\openjdk-21.0.2\bin\zip.dll
Event: 0.175 Loaded shared library C:\Users\hp\.jdks\openjdk-21.0.2\bin\instrument.dll
Event: 0.181 Loaded shared library C:\Users\hp\.jdks\openjdk-21.0.2\bin\net.dll
Event: 0.184 Loaded shared library C:\Users\hp\.jdks\openjdk-21.0.2\bin\nio.dll
Event: 0.189 Loaded shared library C:\Users\hp\.jdks\openjdk-21.0.2\bin\zip.dll
Event: 0.303 Loaded shared library C:\Program Files\JetBrains\IntelliJ IDEA 2023.3.4\bin\breakgen64.dll
Event: 0.308 Loaded shared library C:\Users\hp\.jdks\openjdk-21.0.2\bin\jimage.dll
Event: 0.313 Loaded shared library C:\Users\hp\.jdks\openjdk-21.0.2\bin\extnet.dll
Event: 0.327 Loaded shared library C:\Users\hp\.jdks\openjdk-21.0.2\bin\management.dll
Event: 0.337 Loaded shared library C:\Users\hp\.jdks\openjdk-21.0.2\bin\management_ext.dll

Deoptimization events (0 events):
No events

Classes loaded (20 events):
Event: 1.530 Loading class javax/management/MalformedObjectNameException
Event: 1.530 Loading class javax/management/MalformedObjectNameException done
Event: 1.532 Loading class java/lang/AssertionError
Event: 1.532 Loading class java/lang/AssertionError done
Event: 1.532 Loading class javax/management/remote/rmi/RMIConnectionImpl$PrivilegedOperation
Event: 1.532 Loading class javax/management/remote/rmi/RMIConnectionImpl$PrivilegedOperation done
Event: 1.532 Loading class java/security/PrivilegedActionException
Event: 1.532 Loading class java/security/PrivilegedActionException done
Event: 1.533 Loading class java/lang/invoke/WrongMethodTypeException
Event: 1.533 Loading class java/lang/invoke/WrongMethodTypeException done
Event: 1.534 Loading class java/lang/Throwable$PrintStreamOrWriter
Event: 1.534 Loading class java/lang/Throwable$PrintStreamOrWriter done
Event: 1.534 Loading class java/io/PrintWriter
Event: 1.534 Loading class java/io/PrintWriter done
Event: 1.540 Loading class java/rmi/AccessException
Event: 1.540 Loading class java/rmi/AccessException done
Event: 1.548 Loading class java/rmi/server/UnicastRemoteObject
Event: 1.548 Loading class java/rmi/server/UnicastRemoteObject done
Event: 1.549 Loading class java/util/regex/Pattern$Pos
Event: 1.549 Loading class java/util/regex/Pattern$Pos done

Classes unloaded (0 events):
No events

Classes redefined (0 events):
No events

Internal exceptions (20 events):
Event: 1.170 Thread 0x00000185dcff16a0 Exception <a 'java/lang/NoSuchMethodError'{0x00000004e65f7e78}: 'java.lang.Object java.lang.invoke.DirectMethodHandle$Holder.invokeStaticInit(java.lang.Object, long, java.lang.Object)'> (0x00000004e65f7e78) 
thrown [s\open\src\hotspot\share\interpreter\linkResolver.cpp, line 773]
Event: 1.170 Thread 0x00000185dcff16a0 Exception <a 'java/lang/NoSuchMethodError'{0x00000004e65fd300}: 'java.lang.Object java.lang.invoke.DirectMethodHandle$Holder.newInvokeSpecial(java.lang.Object, long)'> (0x00000004e65fd300) 
thrown [s\open\src\hotspot\share\interpreter\linkResolver.cpp, line 773]
Event: 1.179 Thread 0x00000185dcff16a0 Exception <a 'java/lang/NoSuchMethodError'{0x00000004e5e51ec0}: 'void java.lang.invoke.DirectMethodHandle$Holder.invokeVirtual(java.lang.Object, java.lang.Object, java.lang.Object, java.lang.Object)'> (0x00000004e5e51ec0) 
thrown [s\open\src\hotspot\share\interpreter\linkResolver.cpp, line 773]
Event: 1.218 Thread 0x00000185dcff16a0 Exception <a 'java/lang/NoSuchMethodError'{0x00000004e5ff6188}: 'void java.lang.invoke.DirectMethodHandle$Holder.invokeSpecial(java.lang.Object, java.lang.Object, java.lang.Object, java.lang.Object, java.lang.Object)'> (0x00000004e5ff6188) 
thrown [s\open\src\hotspot\share\interpreter\linkResolver.cpp, line 773]
Event: 1.223 Thread 0x00000185dcff16a0 Exception <a 'java/lang/IncompatibleClassChangeError'{0x00000004e5c1b588}: Found class java.lang.Object, but interface was expected> (0x00000004e5c1b588) 
thrown [s\open\src\hotspot\share\interpreter\linkResolver.cpp, line 840]
Event: 1.349 Thread 0x00000185dcff16a0 Exception <a 'java/lang/NoSuchMethodError'{0x00000004e715d7e0}: 'int java.lang.invoke.Invokers$Holder.invokeExact_MT(java.lang.Object, java.lang.Object)'> (0x00000004e715d7e0) 
thrown [s\open\src\hotspot\share\interpreter\linkResolver.cpp, line 773]
Event: 1.406 Thread 0x00000185eff0d150 Exception <a 'java/lang/NoSuchMethodError'{0x00000004e6a5f240}: 'java.lang.Object java.lang.invoke.DirectMethodHandle$Holder.invokeStaticInit(java.lang.Object, int)'> (0x00000004e6a5f240) 
thrown [s\open\src\hotspot\share\interpreter\linkResolver.cpp, line 773]
Event: 1.506 Thread 0x00000185f57be160 Exception <a 'java/lang/NoSuchMethodError'{0x00000004e639c1c8}: static [B.<clinit>()V> (0x00000004e639c1c8) 
thrown [s\open\src\hotspot\share\prims\jni.cpp, line 1106]
Event: 1.513 Thread 0x00000185f5822ba0 Exception <a 'java/lang/NoSuchMethodError'{0x00000004e612d1b0}: 'java.lang.Object java.lang.invoke.Invokers$Holder.linkToTargetMethod(java.lang.Object, long, java.lang.Object)'> (0x00000004e612d1b0) 
thrown [s\open\src\hotspot\share\interpreter\linkResolver.cpp, line 773]
Event: 1.514 Thread 0x00000185f57be160 Exception <a 'java/lang/ClassNotFoundException'{0x00000004e63b58f0}: javax/management/remote/rmi/RMIConnectionImpl_Skel> (0x00000004e63b58f0) 
thrown [s\open\src\hotspot\share\classfile\systemDictionary.cpp, line 312]
Event: 1.522 Thread 0x00000185dcff16a0 Exception <a 'java/lang/NoSuchMethodError'{0x00000004e61e1518}: 'int java.lang.invoke.DirectMethodHandle$Holder.invokeSpecial(java.lang.Object, java.lang.Object, java.lang.Object, java.lang.Object, java.lang.Object)'> (0x00000004e61e1518) 
thrown [s\open\src\hotspot\share\interpreter\linkResolver.cpp, line 773]
Event: 1.523 Thread 0x00000185dcff16a0 Exception <a 'java/lang/NoSuchMethodError'{0x00000004e61e9400}: 'void java.lang.invoke.DirectMethodHandle$Holder.invokeVirtual(java.lang.Object, java.lang.Object)'> (0x00000004e61e9400) 
thrown [s\open\src\hotspot\share\interpreter\linkResolver.cpp, line 773]
Event: 1.531 Thread 0x00000185f57be160 Exception <a 'java/lang/NoSuchMethodError'{0x00000004e61a0be0}: 'java.lang.Object java.lang.invoke.DirectMethodHandle$Holder.invokeInterface(java.lang.Object, java.lang.Object, java.lang.Object, java.lang.Object, java.lang.Object)'> (0x00000004e61a0be0) 
thrown [s\open\src\hotspot\share\interpreter\linkResolver.cpp, line 773]
Event: 1.537 Thread 0x00000185f57be160 Exception <a 'java/lang/NoSuchMethodError'{0x00000004e5f89ba8}: static [Ljava/lang/StackTraceElement;.<clinit>()V> (0x00000004e5f89ba8) 
thrown [s\open\src\hotspot\share\prims\jni.cpp, line 1106]
Event: 1.547 Thread 0x00000185f57be160 Exception <a 'java/lang/NoSuchMethodError'{0x00000004e5f9d2e8}: 'void java.lang.invoke.DirectMethodHandle$Holder.invokeInterface(java.lang.Object, java.lang.Object)'> (0x00000004e5f9d2e8) 
thrown [s\open\src\hotspot\share\interpreter\linkResolver.cpp, line 773]
Event: 1.560 Thread 0x00000185f5442370 Exception <a 'java/lang/NoSuchMethodError'{0x00000004e5dbac20}: 'long java.lang.invoke.DirectMethodHandle$Holder.invokeStatic(java.lang.Object, java.lang.Object)'> (0x00000004e5dbac20) 
thrown [s\open\src\hotspot\share\interpreter\linkResolver.cpp, line 773]
Event: 1.560 Thread 0x00000185f5442370 Exception <a 'java/lang/NoSuchMethodError'{0x00000004e5dbe008}: 'long java.lang.invoke.DirectMethodHandle$Holder.invokeStaticInit(java.lang.Object, java.lang.Object)'> (0x00000004e5dbe008) 
thrown [s\open\src\hotspot\share\interpreter\linkResolver.cpp, line 773]
Event: 1.562 Thread 0x00000185f5442370 Exception <a 'java/lang/NoSuchMethodError'{0x00000004e5dca190}: 'long java.lang.invoke.DirectMethodHandle$Holder.invokeInterface(java.lang.Object, java.lang.Object)'> (0x00000004e5dca190) 
thrown [s\open\src\hotspot\share\interpreter\linkResolver.cpp, line 773]
Event: 1.562 Thread 0x00000185f5442370 Exception <a 'java/lang/IncompatibleClassChangeError'{0x00000004e5dcd440}: Found class java.lang.Object, but interface was expected> (0x00000004e5dcd440) 
thrown [s\open\src\hotspot\share\interpreter\linkResolver.cpp, line 840]
Event: 1.569 Thread 0x00000185f5442370 Exception <a 'java/lang/NoSuchMethodError'{0x00000004e56db688}: 'java.lang.Object java.lang.invoke.DirectMethodHandle$Holder.invokeVirtual(java.lang.Object, java.lang.Object, java.lang.Object, java.lang.Object)'> (0x00000004e56db688) 
thrown [s\open\src\hotspot\share\interpreter\linkResolver.cpp, line 773]

ZGC Phase Switch (0 events):
No events

VM Operations (20 events):
Event: 0.872 Executing VM operation: HandshakeAllThreads (Deoptimize)
Event: 0.872 Executing VM operation: HandshakeAllThreads (Deoptimize) done
Event: 1.085 Executing VM operation: HandshakeAllThreads (Deoptimize)
Event: 1.085 Executing VM operation: HandshakeAllThreads (Deoptimize) done
Event: 1.110 Executing VM operation: ICBufferFull
Event: 1.110 Executing VM operation: ICBufferFull done
Event: 1.210 Executing VM operation: HandshakeAllThreads (Deoptimize)
Event: 1.210 Executing VM operation: HandshakeAllThreads (Deoptimize) done
Event: 1.215 Executing VM operation: HandshakeAllThreads (Deoptimize)
Event: 1.215 Executing VM operation: HandshakeAllThreads (Deoptimize) done
Event: 1.242 Executing VM operation: G1CollectForAllocation (G1 Evacuation Pause)
Event: 1.247 Executing VM operation: G1CollectForAllocation (G1 Evacuation Pause) done
Event: 1.459 Executing VM operation: HandshakeAllThreads (Deoptimize)
Event: 1.459 Executing VM operation: HandshakeAllThreads (Deoptimize) done
Event: 1.495 Executing VM operation: HandshakeAllThreads (Deoptimize)
Event: 1.495 Executing VM operation: HandshakeAllThreads (Deoptimize) done
Event: 1.507 Executing VM operation: HandshakeAllThreads (Deoptimize)
Event: 1.507 Executing VM operation: HandshakeAllThreads (Deoptimize) done
Event: 1.513 Executing VM operation: HandshakeAllThreads (Deoptimize)
Event: 1.513 Executing VM operation: HandshakeAllThreads (Deoptimize) done

Events (20 events):
Event: 0.046 Thread 0x00000185eff085d0 Thread added: 0x00000185eff085d0
Event: 0.046 Thread 0x00000185eff0b580 Thread added: 0x00000185eff0b580
Event: 0.046 Thread 0x00000185eff0d150 Thread added: 0x00000185eff0d150
Event: 0.046 Thread 0x00000185eff0dbb0 Thread added: 0x00000185eff0dbb0
Event: 0.046 Thread 0x00000185eff10620 Thread added: 0x00000185eff10620
Event: 0.047 Thread 0x00000185eff1ccc0 Thread added: 0x00000185eff1ccc0
Event: 0.130 Thread 0x00000185f418c690 Thread added: 0x00000185f418c690
Event: 0.143 Thread 0x00000185efed3510 Thread added: 0x00000185efed3510
Event: 0.304 Thread 0x00000185f452dd30 Thread added: 0x00000185f452dd30
Event: 0.304 Thread 0x00000185f47a4200 Thread added: 0x00000185f47a4200
Event: 0.450 Thread 0x00000185f489d9a0 Thread added: 0x00000185f489d9a0
Event: 0.450 Thread 0x00000185f48a0060 Thread added: 0x00000185f48a0060
Event: 0.580 Thread 0x00000185f4a6d280 Thread added: 0x00000185f4a6d280
Event: 1.028 Thread 0x00000185f53a7ae0 Thread added: 0x00000185f53a7ae0
Event: 1.030 Thread 0x00000185f53a7ae0 Thread exited: 0x00000185f53a7ae0
Event: 1.221 Thread 0x00000185f5442370 Thread added: 0x00000185f5442370
Event: 1.485 Thread 0x00000185f57be160 Thread added: 0x00000185f57be160
Event: 1.505 Thread 0x00000185f5831270 Thread added: 0x00000185f5831270
Event: 1.511 Thread 0x00000185f5822ba0 Thread added: 0x00000185f5822ba0
Event: 1.548 Thread 0x00000185f5822ba0 Thread exited: 0x00000185f5822ba0


Dynamic libraries:
0x00007ff7ea0a0000 - 0x00007ff7ea0ae000 	C:\Users\hp\.jdks\openjdk-21.0.2\bin\java.exe
0x00007ff9d2410000 - 0x00007ff9d2608000 	C:\WINDOWS\SYSTEM32\ntdll.dll
0x00007ff9d0fb0000 - 0x00007ff9d1072000 	C:\WINDOWS\System32\KERNEL32.DLL
0x00007ff9cff50000 - 0x00007ff9d024e000 	C:\WINDOWS\System32\KERNELBASE.dll
0x00007ff9d0280000 - 0x00007ff9d0380000 	C:\WINDOWS\System32\ucrtbase.dll
0x00007ff98b380000 - 0x00007ff98b398000 	C:\Users\hp\.jdks\openjdk-21.0.2\bin\jli.dll
0x00007ff98b3a0000 - 0x00007ff98b3bb000 	C:\Users\hp\.jdks\openjdk-21.0.2\bin\VCRUNTIME140.dll
0x00007ff9d0910000 - 0x00007ff9d0aad000 	C:\WINDOWS\System32\USER32.dll
0x00007ff9cef60000 - 0x00007ff9cf1fa000 	C:\WINDOWS\WinSxS\amd64_microsoft.windows.common-controls_6595b64144ccf1df_6.0.19041.4355_none_60b8b9eb71f62e16\COMCTL32.dll
0x00007ff9cfda0000 - 0x00007ff9cfdc2000 	C:\WINDOWS\System32\win32u.dll
0x00007ff9d1080000 - 0x00007ff9d111e000 	C:\WINDOWS\System32\msvcrt.dll
0x00007ff9d0ef0000 - 0x00007ff9d0f1b000 	C:\WINDOWS\System32\GDI32.dll
0x00007ff9cfc80000 - 0x00007ff9cfd97000 	C:\WINDOWS\System32\gdi32full.dll
0x00007ff9cfeb0000 - 0x00007ff9cff4d000 	C:\WINDOWS\System32\msvcp_win.dll
0x00007ff9d06e0000 - 0x00007ff9d070f000 	C:\WINDOWS\System32\IMM32.DLL
0x00007ff98b370000 - 0x00007ff98b37c000 	C:\Users\hp\.jdks\openjdk-21.0.2\bin\vcruntime140_1.dll
0x00007ff98b2e0000 - 0x00007ff98b36e000 	C:\Users\hp\.jdks\openjdk-21.0.2\bin\msvcp140.dll
0x00007ff94fa20000 - 0x00007ff950737000 	C:\Users\hp\.jdks\openjdk-21.0.2\bin\server\jvm.dll
0x00007ff9d0710000 - 0x00007ff9d07c1000 	C:\WINDOWS\System32\ADVAPI32.dll
0x00007ff9d0bf0000 - 0x00007ff9d0c8f000 	C:\WINDOWS\System32\sechost.dll
0x00007ff9d0ab0000 - 0x00007ff9d0bd3000 	C:\WINDOWS\System32\RPCRT4.dll
0x00007ff9d0250000 - 0x00007ff9d0277000 	C:\WINDOWS\System32\bcrypt.dll
0x00007ff9d0e10000 - 0x00007ff9d0e7b000 	C:\WINDOWS\System32\WS2_32.dll
0x00007ff9cf6a0000 - 0x00007ff9cf6eb000 	C:\WINDOWS\SYSTEM32\POWRPROF.dll
0x00007ff9af270000 - 0x00007ff9af297000 	C:\WINDOWS\SYSTEM32\WINMM.dll
0x00007ff9c8010000 - 0x00007ff9c801a000 	C:\WINDOWS\SYSTEM32\VERSION.dll
0x00007ff9cf220000 - 0x00007ff9cf232000 	C:\WINDOWS\SYSTEM32\UMPDC.dll
0x00007ff9cdc10000 - 0x00007ff9cdc22000 	C:\WINDOWS\SYSTEM32\kernel.appcore.dll
0x00007ff98b2d0000 - 0x00007ff98b2da000 	C:\Users\hp\.jdks\openjdk-21.0.2\bin\jimage.dll
0x00007ff9cf4b0000 - 0x00007ff9cf694000 	C:\WINDOWS\SYSTEM32\DBGHELP.DLL
0x00007ff9cf3f0000 - 0x00007ff9cf424000 	C:\WINDOWS\SYSTEM32\dbgcore.DLL
0x00007ff9cfe20000 - 0x00007ff9cfea2000 	C:\WINDOWS\System32\bcryptPrimitives.dll
0x00007ff9c9d30000 - 0x00007ff9c9d3f000 	C:\Users\hp\.jdks\openjdk-21.0.2\bin\instrument.dll
0x00007ff98b2b0000 - 0x00007ff98b2cf000 	C:\Users\hp\.jdks\openjdk-21.0.2\bin\java.dll
0x00007ff9d1c60000 - 0x00007ff9d23cd000 	C:\WINDOWS\System32\SHELL32.dll
0x00007ff9cd450000 - 0x00007ff9cdbf4000 	C:\WINDOWS\SYSTEM32\windows.storage.dll
0x00007ff9d1820000 - 0x00007ff9d1b73000 	C:\WINDOWS\System32\combase.dll
0x00007ff9cec90000 - 0x00007ff9cecbe000 	C:\WINDOWS\SYSTEM32\Wldp.dll
0x00007ff9d0430000 - 0x00007ff9d04fd000 	C:\WINDOWS\System32\OLEAUT32.dll
0x00007ff9d0500000 - 0x00007ff9d05ad000 	C:\WINDOWS\System32\SHCORE.dll
0x00007ff9d0e80000 - 0x00007ff9d0ed5000 	C:\WINDOWS\System32\shlwapi.dll
0x00007ff9cf9e0000 - 0x00007ff9cfa04000 	C:\WINDOWS\SYSTEM32\profapi.dll
0x00007ff94f6b0000 - 0x00007ff94f6c8000 	C:\Users\hp\.jdks\openjdk-21.0.2\bin\zip.dll
0x00007ff98b2a0000 - 0x00007ff98b2b0000 	C:\Users\hp\.jdks\openjdk-21.0.2\bin\net.dll
0x00007ff9cc430000 - 0x00007ff9cc53d000 	C:\WINDOWS\SYSTEM32\WINHTTP.dll
0x00007ff9cecc0000 - 0x00007ff9ced2a000 	C:\WINDOWS\system32\mswsock.dll
0x00007ff954610000 - 0x00007ff954626000 	C:\Users\hp\.jdks\openjdk-21.0.2\bin\nio.dll
0x00007ff9c9d10000 - 0x00007ff9c9d2a000 	C:\Program Files\JetBrains\IntelliJ IDEA 2023.3.4\bin\breakgen64.dll
0x00007ff995010000 - 0x00007ff995019000 	C:\Users\hp\.jdks\openjdk-21.0.2\bin\extnet.dll
0x00007ff9ce850000 - 0x00007ff9ce91a000 	C:\WINDOWS\SYSTEM32\DNSAPI.dll
0x00007ff9ce810000 - 0x00007ff9ce84b000 	C:\WINDOWS\SYSTEM32\IPHLPAPI.DLL
0x00007ff9d0be0000 - 0x00007ff9d0be8000 	C:\WINDOWS\System32\NSI.dll
0x00007ff9c7810000 - 0x00007ff9c781a000 	C:\Windows\System32\rasadhlp.dll
0x00007ff9c5eb0000 - 0x00007ff9c5f30000 	C:\WINDOWS\System32\fwpuclnt.dll
0x00007ff9c9cf0000 - 0x00007ff9c9cfa000 	C:\Users\hp\.jdks\openjdk-21.0.2\bin\management.dll
0x00007ff9c9ce0000 - 0x00007ff9c9ceb000 	C:\Users\hp\.jdks\openjdk-21.0.2\bin\management_ext.dll
0x00007ff9d0900000 - 0x00007ff9d0908000 	C:\WINDOWS\System32\PSAPI.DLL
0x00007ff9cf820000 - 0x00007ff9cf838000 	C:\WINDOWS\SYSTEM32\CRYPTSP.dll
0x00007ff9ce450000 - 0x00007ff9ce484000 	C:\WINDOWS\system32\rsaenh.dll
0x00007ff9cf960000 - 0x00007ff9cf98e000 	C:\WINDOWS\SYSTEM32\USERENV.dll
0x00007ff9cede0000 - 0x00007ff9cedec000 	C:\WINDOWS\SYSTEM32\CRYPTBASE.dll
0x00007ff9945f0000 - 0x00007ff994607000 	C:\WINDOWS\system32\napinsp.dll
0x00007ff9945d0000 - 0x00007ff9945eb000 	C:\WINDOWS\system32\pnrpnsp.dll
0x00007ff9945b0000 - 0x00007ff9945c5000 	C:\WINDOWS\system32\wshbth.dll
0x00007ff9cc410000 - 0x00007ff9cc42d000 	C:\WINDOWS\system32\NLAapi.dll
0x00007ff994590000 - 0x00007ff9945a2000 	C:\WINDOWS\System32\winrnr.dll

dbghelp: loaded successfully - version: 4.0.5 - missing functions: none
symbol engine: initialized successfully - sym options: 0x614 - pdb path: .;C:\Users\hp\.jdks\openjdk-21.0.2\bin;C:\WINDOWS\SYSTEM32;C:\WINDOWS\WinSxS\amd64_microsoft.windows.common-controls_6595b64144ccf1df_6.0.19041.4355_none_60b8b9eb71f62e16;C:\Users\hp\.jdks\openjdk-21.0.2\bin\server;C:\Program Files\JetBrains\IntelliJ IDEA 2023.3.4\bin

VM Arguments:
jvm_args: -XX:TieredStopAtLevel=1 -Dspring.output.ansi.enabled=always -Dcom.sun.management.jmxremote -Dspring.jmx.enabled=true -Dspring.liveBeansView.mbeanDomain -Dspring.application.admin.enabled=true -Dmanagement.endpoints.jmx.exposure.include=* -javaagent:C:\Program Files\JetBrains\IntelliJ IDEA 2023.3.4\lib\idea_rt.jar=54612:C:\Program Files\JetBrains\IntelliJ IDEA 2023.3.4\bin -Dfile.encoding=UTF-8 -Dsun.stdout.encoding=UTF-8 -Dsun.stderr.encoding=UTF-8 
java_command: com.commerce.eureka_discovery.EurekaDiscoveryApplication
java_class_path (initial): C:\Users\hp\Desktop\Parent\eureka_Discovery\target\classes;C:\Users\hp\.m2\repository\org\springframework\cloud\spring-cloud-starter-netflix-eureka-server\4.0.2\spring-cloud-starter-netflix-eureka-server-4.0.2.jar;C:\Users\hp\.m2\repository\org\springframework\cloud\spring-cloud-starter\4.0.3\spring-cloud-starter-4.0.3.jar;C:\Users\hp\.m2\repository\org\springframework\cloud\spring-cloud-context\4.0.3\spring-cloud-context-4.0.3.jar;C:\Users\hp\.m2\repository\org\springframework\security\spring-security-crypto\6.1.4\spring-security-crypto-6.1.4.jar;C:\Users\hp\.m2\repository\org\springframework\cloud\spring-cloud-commons\4.0.3\spring-cloud-commons-4.0.3.jar;C:\Users\hp\.m2\repository\org\springframework\security\spring-security-rsa\1.0.11.RELEASE\spring-security-rsa-1.0.11.RELEASE.jar;C:\Users\hp\.m2\repository\org\bouncycastle\bcpkix-jdk15on\1.69\bcpkix-jdk15on-1.69.jar;C:\Users\hp\.m2\repository\org\bouncycastle\bcprov-jdk15on\1.69\bcprov-jdk15on-1.69.jar;C:\Users\hp\.m2\repository\org\bouncycastle\bcutil-jdk15on\1.69\bcutil-jdk15on-1.69.jar;C:\Users\hp\.m2\repository\org\springframework\cloud\spring-cloud-netflix-eureka-server\4.0.2\spring-cloud-netflix-eureka-server-4.0.2.jar;C:\Users\hp\.m2\repository\org\springframework\boot\spring-boot-starter-web\3.1.4\spring-boot-starter-web-3.1.4.jar;C:\Users\hp\.m2\repository\org\springframework\boot\spring-boot-starter-json\3.1.4\spring-boot-starter-json-3.1.4.jar;C:\Users\hp\.m2\repository\com\fasterxml\jackson\datatype\jackson-datatype-jdk8\2.15.2\jackson-datatype-jdk8-2.15.2.jar;C:\Users\hp\.m2\repository\com\fasterxml\jackson\datatype\jackson-datatype-jsr310\2.15.2\jackson-datatype-jsr310-2.15.2.jar;C:\Users\hp\.m2\repository\com\fasterxml\jackson\module\jackson-module-parameter-names\2.15.2\jackson-module-parameter-names-2.15.2.jar;C:\Users\hp\.m2\repository\org\springframework\boot\spring-boot-starter-tomcat\3.1.4\spring-boot-starter-tomcat-3.1.4.jar;C:\Users\hp\.m2\repository\org\apache\tomcat\embed\tomcat-embed-core\10.1.13\tomcat-embed-core-10.1.13.jar;C:\Users\hp\.m2\repository\org\apache\tomcat\embed\tomcat-embed-el\10.1.13\tomcat-embed-el-10.1.13.jar;C:\Users\hp\.m2\repository\org\apache\tomcat\embed\tomcat-embed-websocket\10.1.13\tomcat-embed-websocket-10.1.13.jar;C:\Users\hp\.m2\repository\org\springframework\spring-web\6.0.12\spring-web-6.0.12.jar;C:\Users\hp\.m2\repository\org\springframework\spring-beans\6.0.12\spring-beans-6.0.12.jar;C:\Users\hp\.m2\repository\org\springframework\spring-webmvc\6.0.12\spring-webmvc-6.0.12.jar;C:\Users\hp\.m2\repository\org\springframework\spring-aop\6.0.12\spring-aop-6.0.12.jar;C:\Users\hp\.m2\repository\org\springframework\spring-expression\6.0.12\spring-expression-6.0.12.jar;C:\Users\hp\.m2\repository\org\springframework\boot\spring-boot-starter-actuator\3.1.4\spring-boot-starter-actuator-3.1.4.jar;C:\Users\hp\.m2\repository\org\springframework\boot\spring-boot-actuator-autoconfigure\3.1.4\spring-boot-actuator-autoconfigure-3.1.4.jar;C:\Users\hp\.m2\repository\org\springframework\boot\spring-boot-actuator\3.1.4\spring-boot-actuator-3.1.4.jar;C:\Users\hp\.m2\repository\io\micrometer\micrometer-observation\1.11.4\micrometer-observation-1.11.4.jar;C:\Users\hp\.m2\repository\io\micrometer\micrometer-commons\1.11.4\micrometer-commons-1.11.4.jar;C:\Users\hp\.m2\repository\io\micrometer\micrometer-core\1.11.4\micrometer-core-1.11.4.jar;C:\Users\hp\.m2\repository\org\hdrhistogram\HdrHistogram\2.1.12\HdrHistogram-2.1.12.jar;C:\Users\hp\.m2\repository\org\latencyutils\LatencyUtils\2.0.3\LatencyUtils-2.0.3.jar;C:\Users\hp\.m2\repository\org\springframework\boot\spring-boot-starter-freemarker\3.1.4\spring-boot-starter-freemarker-3.1.4.jar;C:\Users\hp\.m2\repository\org\freemarker\freemarker\2.3.32\freemarker-2.3.32.jar;C:\Users\hp\.m2\repository\org\springframework\spring-context-support\6.0.12\spring-context-support-6.0.12.jar;C:\Users\hp\.m2\repository\org\springframework\cloud\spring-cloud-netflix-eureka-client\4.0.2\spring-cloud-netflix-eureka-client-4.0.2.jar;C:\Users\hp\.m2\repository\com\netflix\eureka\eureka-client\2.0.0\eureka-client-2.0.0.jar;C:\Users\hp\.m2\repository\com\netflix\netflix-commons\netflix-eventbus\0.3.0\netflix-eventbus-0.3.0.jar;C:\Users\hp\.m2\repository\com\netflix\netflix-commons\netflix-infix\0.3.0\netflix-infix-0.3.0.jar;C:\Users\hp\.m2\repository\commons-jxpath\commons-jxpath\1.3\commons-jxpath-1.3.jar;C:\Users\hp\.m2\repository\joda-time\joda-time\2.3\joda-time-2.3.jar;C:\Users\hp\.m2\repository\org\antlr\antlr-runtime\3.4\antlr-runtime-3.4.jar;C:\Users\hp\.m2\repository\org\antlr\stringtemplate\3.2.1\stringtemplate-3.2.1.jar;C:\Users\hp\.m2\repository\antlr\antlr\2.7.7\antlr-2.7.7.jar;C:\Users\hp\.m2\repository\com\google\code\gson\gson\2.10.1\gson-2.10.1.jar;C:\Users\hp\.m2\repository\org\apache\commons\commons-math\2.2\commons-math-2.2.jar;C:\Users\hp\.m2\repository\com\thoughtworks\xstream\xstream\1.4.19\xstream-1.4.19.jar;C:\Users\hp\.m2\repository\io\github\x-stream\mxparser\1.2.2\mxparser-1.2.2.jar;C:\Users\hp\.m2\repository\xmlpull\xmlpull\1.1.3.1\xmlpull-1.1.3.1.jar;C:\Users\hp\.m2\repository\com\netflix\servo\servo-core\0.12.21\servo-core-0.12.21.jar;C:\Users\hp\.m2\repository\com\google\guava\guava\19.0\guava-19.0.jar;C:\Users\hp\.m2\repository\org\apache\httpcomponents\httpclient\4.5.3\httpclient-4.5.3.jar;C:\Users\hp\.m2\repository\org\apache\httpcomponents\httpcore\4.4.16\httpcore-4.4.16.jar;C:\Users\hp\.m2\repository\commons-codec\commons-codec\1.15\commons-codec-1.15.jar;C:\Users\hp\.m2\repository\commons-configuration\commons-configuration\1.10\commons-configuration-1.10.jar;C:\Users\hp\.m2\repository\commons-lang\commons-lang\2.6\commons-lang-2.6.jar;C:\Users\hp\.m2\repository\org\codehaus\jettison\jettison\1.4.0\jettison-1.4.0.jar;C:\Users\hp\.m2\repository\org\apache\httpcomponents\client5\httpclient5\5.2.1\httpclient5-5.2.1.jar;C:\Users\hp\.m2\repository\org\apache\httpcomponents\core5\httpcore5\5.2.2\httpcore5-5.2.2.jar;C:\Users\hp\.m2\repository\org\apache\httpcomponents\core5\httpcore5-h2\5.2.2\httpcore5-h2-5.2.2.jar;C:\Users\hp\.m2\repository\com\netflix\eureka\eureka-client-jersey3\2.0.0\eureka-client-jersey3-2.0.0.jar;C:\Users\hp\.m2\repository\org\glassfish\jersey\connectors\jersey-apache-connector\3.1.3\jersey-apache-connector-3.1.3.jar;C:\Users\hp\.m2\repository\com\netflix\eureka\eureka-core-jersey3\2.0.0\eureka-core-jersey3-2.0.0.jar;C:\Users\hp\.m2\repository\com\netflix\eureka\eureka-core\2.0.0\eureka-core-2.0.0.jar;C:\Users\hp\.m2\repository\jakarta\servlet\jakarta.servlet-api\6.0.0\jakarta.servlet-api-6.0.0.jar;C:\Users\hp\.m2\repository\org\glassfish\jersey\containers\jersey-container-servlet\3.1.3\jersey-container-servlet-3.1.3.jar;C:\Users\hp\.m2\repository\org\glassfish\jersey\containers\jersey-container-servlet-core\3.1.3\jersey-container-servlet-core-3.1.3.jar;C:\Users\hp\.m2\repository\org\glassfish\jersey\core\jersey-common\3.1.3\jersey-common-3.1.3.jar;C:\Users\hp\.m2\repository\org\glassfish\hk2\osgi-resource-locator\1.0.3\osgi-resource-locator-1.0.3.jar;C:\Users\hp\.m2\repository\jakarta\ws\rs\jakarta.ws.rs-api\3.1.0\jakarta.ws.rs-api-3.1.0.jar;C:\Users\hp\.m2\repository\org\glassfish\jersey\core\jersey-server\3.1.3\jersey-server-3.1.3.jar;C:\Users\hp\.m2\repository\jakarta\validation\jakarta.validation-api\3.0.2\jakarta.validation-api-3.0.2.jar;C:\Users\hp\.m2\repository\org\glassfish\jersey\core\jersey-client\3.1.3\jersey-client-3.1.3.jar;C:\Users\hp\.m2\repository\org\glassfish\jersey\inject\jersey-hk2\3.1.3\jersey-hk2-3.1.3.jar;C:\Users\hp\.m2\repository\org\glassfish\hk2\hk2-locator\3.0.4\hk2-locator-3.0.4.jar;C:\Users\hp\.m2\repository\org\glassfish\hk2\external\aopalliance-repackaged\3.0.4\aopalliance-repackaged-3.0.4.jar;C:\Users\hp\.m2\repository\org\glassfish\hk2\hk2-utils\3.0.4\hk2-utils-3.0.4.jar;C:\Users\hp\.m2\repository\org\javassist\javassist\3.29.2-GA\javassist-3.29.2-GA.jar;C:\Users\hp\.m2\repository\org\glassfish\hk2\spring-bridge\3.0.3\spring-bridge-3.0.3.jar;C:\Users\hp\.m2\repository\org\glassfish\hk2\hk2-api\3.0.3\hk2-api-3.0.3.jar;C:\Users\hp\.m2\repository\org\springframework\spring-context\6.0.12\spring-context-6.0.12.jar;C:\Users\hp\.m2\repository\jakarta\inject\jakarta.inject-api\2.0.1\jakarta.inject-api-2.0.1.jar;C:\Users\hp\.m2\repository\com\fasterxml\jackson\dataformat\jackson-dataformat-xml\2.15.2\jackson-dataformat-xml-2.15.2.jar;C:\Users\hp\.m2\repository\com\fasterxml\jackson\core\jackson-core\2.15.2\jackson-core-2.15.2.jar;C:\Users\hp\.m2\repository\com\fasterxml\jackson\core\jackson-annotations\2.15.2\jackson-annotations-2.15.2.jar;C:\Users\hp\.m2\repository\com\fasterxml\jackson\core\jackson-databind\2.15.2\jackson-databind-2.15.2.jar;C:\Users\hp\.m2\repository\org\codehaus\woodstox\stax2-api\4.2.1\stax2-api-4.2.1.jar;C:\Users\hp\.m2\repository\com\fasterxml\woodstox\woodstox-core\6.5.1\woodstox-core-6.5.1.jar;C:\Users\hp\.m2\repository\org\springframework\cloud\spring-cloud-starter-loadbalancer\4.0.3\spring-cloud-starter-loadbalancer-4.0.3.jar;C:\Users\hp\.m2\repository\org\springframework\cloud\spring-cloud-loadbalancer\4.0.3\spring-cloud-loadbalancer-4.0.3.jar;C:\Users\hp\.m2\repository\io\projectreactor\reactor-core\3.5.10\reactor-core-3.5.10.jar;C:\Users\hp\.m2\repository\org\reactivestreams\reactive-streams\1.0.4\reactive-streams-1.0.4.jar;C:\Users\hp\.m2\repository\io\projectreactor\addons\reactor-extra\3.5.1\reactor-extra-3.5.1.jar;C:\Users\hp\.m2\repository\org\springframework\boot\spring-boot-starter-cache\3.1.4\spring-boot-starter-cache-3.1.4.jar;C:\Users\hp\.m2\repository\com\stoyanr\evictor\1.0.0\evictor-1.0.0.jar;C:\Users\hp\.m2\repository\org\glassfish\jaxb\jaxb-runtime\4.0.3\jaxb-runtime-4.0.3.jar;C:\Users\hp\.m2\repository\org\glassfish\jaxb\jaxb-core\4.0.3\jaxb-core-4.0.3.jar;C:\Users\hp\.m2\repository\org\eclipse\angus\angus-activation\2.0.1\angus-activation-2.0.1.jar;C:\Users\hp\.m2\repository\org\glassfish\jaxb\txw2\4.0.3\txw2-4.0.3.jar;C:\Users\hp\.m2\repository\com\sun\istack\istack-commons-runtime\4.1.2\istack-commons-runtime-4.1.2.jar;C:\Users\hp\.m2\repository\org\springframework\boot\spring-boot-starter\3.1.4\spring-boot-starter-3.1.4.jar;C:\Users\hp\.m2\repository\org\springframework\boot\spring-boot\3.1.4\spring-boot-3.1.4.jar;C:\Users\hp\.m2\repository\org\springframework\boot\spring-boot-autoconfigure\3.1.4\spring-boot-autoconfigure-3.1.4.jar;C:\Users\hp\.m2\repository\org\springframework\boot\spring-boot-starter-logging\3.1.4\spring-boot-starter-logging-3.1.4.jar;C:\Users\hp\.m2\repository\ch\qos\logback\logback-classic\1.4.11\logback-classic-1.4.11.jar;C:\Users\hp\.m2\repository\ch\qos\logback\logback-core\1.4.11\logback-core-1.4.11.jar;C:\Users\hp\.m2\repository\org\apache\logging\log4j\log4j-to-slf4j\2.20.0\log4j-to-slf4j-2.20.0.jar;C:\Users\hp\.m2\repository\org\apache\logging\log4j\log4j-api\2.20.0\log4j-api-2.20.0.jar;C:\Users\hp\.m2\repository\org\slf4j\jul-to-slf4j\2.0.9\jul-to-slf4j-2.0.9.jar;C:\Users\hp\.m2\repository\jakarta\annotation\jakarta.annotation-api\2.1.1\jakarta.annotation-api-2.1.1.jar;C:\Users\hp\.m2\repository\org\yaml\snakeyaml\1.33\snakeyaml-1.33.jar;C:\Users\hp\.m2\repository\org\slf4j\slf4j-api\2.0.9\slf4j-api-2.0.9.jar;C:\Users\hp\.m2\repository\jakarta\xml\bind\jakarta.xml.bind-api\4.0.1\jakarta.xml.bind-api-4.0.1.jar;C:\Users\hp\.m2\repository\jakarta\activation\jakarta.activation-api\2.1.2\jakarta.activation-api-2.1.2.jar;C:\Users\hp\.m2\repository\org\springframework\spring-core\6.0.12\spring-core-6.0.12.jar;C:\Users\hp\.m2\repository\org\springframework\spring-jcl\6.0.12\spring-jcl-6.0.12.jar
Launcher Type: SUN_STANDARD

[Global flags]
     intx CICompilerCount                          = 4                                         {product} {ergonomic}
     uint ConcGCThreads                            = 2                                         {product} {ergonomic}
     uint G1ConcRefinementThreads                  = 8                                         {product} {ergonomic}
   size_t G1HeapRegionSize                         = 2097152                                   {product} {ergonomic}
    uintx GCDrainStackTargetSize                   = 64                                        {product} {ergonomic}
   size_t InitialHeapSize                          = 266338304                                 {product} {ergonomic}
     bool ManagementServer                         = true                                      {product} {command line}
   size_t MarkStackSize                            = 4194304                                   {product} {ergonomic}
   size_t MaxHeapSize                              = 4232052736                                {product} {ergonomic}
   size_t MaxNewSize                               = 2537553920                                {product} {ergonomic}
   size_t MinHeapDeltaBytes                        = 2097152                                   {product} {ergonomic}
   size_t MinHeapSize                              = 8388608                                   {product} {ergonomic}
    uintx NonNMethodCodeHeapSize                   = 4096                                   {pd product} {ergonomic}
    uintx NonProfiledCodeHeapSize                  = 0                                      {pd product} {ergonomic}
     bool ProfileInterpreter                       = false                                  {pd product} {command line}
    uintx ProfiledCodeHeapSize                     = 0                                      {pd product} {ergonomic}
   size_t SoftMaxHeapSize                          = 4232052736                             {manageable} {ergonomic}
     intx TieredStopAtLevel                        = 1                                         {product} {command line}
     bool UseCompressedOops                        = true                           {product lp64_product} {ergonomic}
     bool UseG1GC                                  = true                                      {product} {ergonomic}
     bool UseLargePagesIndividualAllocation        = false                                  {pd product} {ergonomic}

Logging:
Log output configuration:
 #0: stdout all=warning uptime,level,tags foldmultilines=false
 #1: stderr all=off uptime,level,tags foldmultilines=false

Environment Variables:
JAVA_HOME=C:\Program Files\Java\jdk-17
PATH=D:\oracleDatabase\dbhomeXE\bin;C:\Program Files\Java\jdk-17;C:\Program Files\Docker\Docker\resources\bin;C:\Windows\System32\WindowsPowerShell\v1.0;C:\Program Files\Docker\Docker\;C:\Program Files (x86)\Arm GNU Toolchain arm-none-eabi\13.2 Rel1\bin;C:\Users\hp\AppData\Local\Programs\Python\Python311\Scripts\;C:\Users\hp\AppData\Local\Programs\Python\Python311\;C:\Users\hp\AppData\Local\Microsoft\WindowsApps;C:\Users\hp\AppData\Local\Programs\Microsoft VS Code\bin;C:\Program Files\JetBrains\IntelliJ IDEA Community Edition 2022.3\bin;;C:\xampp8\php;C:\Users\hp\AppData\Local\ComposerSetup\bin;C:\Users\hp\AppData\Roaming\Composer\vendor\bin;C:\Users\hp\AppData\Local\Programs\MiKTeX\miktex\bin\x64\;C:\Program Files\JetBrains\IntelliJ IDEA 2023.3.4\bin;;C:\Users\hp\AppData\Roaming\npm;C:\Users\hp\Desktop\curl-8.9.1_3-win64-mingw\bin;C:\Users\hp\Desktop\instantclient_12_1;C:\WINDOWS\system32;C:\apache-maven-3.9.9\bin;C:\Program Files\Java\jdk-17\bin;
USERNAME=hp
OS=Windows_NT
PROCESSOR_IDENTIFIER=Intel64 Family 6 Model 140 Stepping 1, GenuineIntel
TMP=C:\Users\hp\AppData\Local\Temp
TEMP=C:\Users\hp\AppData\Local\Temp




Periodic native trim disabled

---------------  S Y S T E M  ---------------

OS:
 Windows 10 , 64 bit Build 19041 (10.0.19041.5072)
OS uptime: 0 days 0:44 hours
Hyper-V role detected

CPU: total 8 (initial active 8) (4 cores per cpu, 2 threads per core) family 6 model 140 stepping 1 microcode 0x86, cx8, cmov, fxsr, ht, mmx, 3dnowpref, sse, sse2, sse3, ssse3, sse4.1, sse4.2, popcnt, lzcnt, tsc, tscinvbit, avx, avx2, aes, erms, clmul, bmi1, bmi2, adx, avx512f, avx512dq, avx512cd, avx512bw, avx512vl, sha, fma, vzeroupper, avx512_vpopcntdq, avx512_vpclmulqdq, avx512_vaes, avx512_vnni, clflush, clflushopt, clwb, avx512_vbmi2, avx512_vbmi, hv, rdtscp, rdpid, fsrm, gfni, avx512_bitalg, f16c, cet_ibt, cet_ss, avx512_ifma
Processor Information for all 8 processors :
  Max Mhz: 2419, Current Mhz: 2419, Mhz Limit: 2419

Memory: 4k page, system-wide physical 16140M (1869M free)
TotalPageFile size 18188M (AvailPageFile size 4M)
current process WorkingSet (physical memory assigned to process): 113M, peak: 113M
current process commit charge ("private bytes"): 373M, peak: 373M

vm_info: OpenJDK 64-Bit Server VM (21.0.2+13-58) for windows-amd64 JRE (21.0.2+13-58), built on 2024-01-05T18:32:24Z by "mach5one" with MS VC++ 17.1 (VS2022)

END.
